2026/04/10 13:14:37 [INFO    ] Start HTTP GET sampling script.
2026/04/10 13:14:37 [INFO    ] Parameters: KBYTE=50000, INTERVAL=120, SAMPLE=50, CLIENT=1, SAMPLE_PER_CLIENT=50, START_INTERVAL=120
2026/04/10 13:14:37 [INFO    ] GET URL: https://speed.cloudflare.com/__down?bytes=50000000
2026/04/10 13:14:37 [INFO    ] Client 000 started. Sampling 50 times.
2026/04/10 13:14:38 [INFO    ] client 000 on sample 1 Successfully got HTTP response.
2026/04/10 13:16:38 [INFO    ] client 000 on sample 2 Successfully got HTTP response.
2026/04/10 13:18:38 [INFO    ] client 000 on sample 3 Successfully got HTTP response.
2026/04/10 13:20:38 [INFO    ] client 000 on sample 4 Successfully got HTTP response.
2026/04/10 13:22:39 [INFO    ] client 000 on sample 5 Successfully got HTTP response.
2026/04/10 13:24:39 [INFO    ] client 000 on sample 6 Successfully got HTTP response.
2026/04/10 13:26:39 [INFO    ] client 000 on sample 7 Successfully got HTTP response.
2026/04/10 13:28:40 [INFO    ] client 000 on sample 8 Successfully got HTTP response.
2026/04/10 13:30:40 [INFO    ] client 000 on sample 9 Successfully got HTTP response.
2026/04/10 13:32:40 [INFO    ] client 000 on sample 10 Successfully got HTTP response.
2026/04/10 13:34:41 [INFO    ] client 000 on sample 11 Successfully got HTTP response.
2026/04/10 13:36:41 [INFO    ] client 000 on sample 12 Successfully got HTTP response.
2026/04/10 13:38:41 [INFO    ] client 000 on sample 13 Successfully got HTTP response.
2026/04/10 13:40:41 [INFO    ] client 000 on sample 14 Successfully got HTTP response.
2026/04/10 13:42:42 [INFO    ] client 000 on sample 15 Successfully got HTTP response.
2026/04/10 13:44:42 [INFO    ] client 000 on sample 16 Successfully got HTTP response.
2026/04/10 13:46:42 [INFO    ] client 000 on sample 17 Successfully got HTTP response.
2026/04/10 13:48:43 [INFO    ] client 000 on sample 18 Successfully got HTTP response.
2026/04/10 13:50:43 [INFO    ] client 000 on sample 19 Successfully got HTTP response.
2026/04/10 13:52:43 [INFO    ] client 000 on sample 20 Successfully got HTTP response.
2026/04/10 13:54:43 [INFO    ] client 000 on sample 21 Successfully got HTTP response.
2026/04/10 13:56:44 [INFO    ] client 000 on sample 22 Successfully got HTTP response.
2026/04/10 13:58:44 [INFO    ] client 000 on sample 23 Successfully got HTTP response.
2026/04/10 14:00:44 [INFO    ] client 000 on sample 24 Successfully got HTTP response.
2026/04/10 14:02:45 [INFO    ] client 000 on sample 25 Successfully got HTTP response.
2026/04/10 14:04:45 [INFO    ] client 000 on sample 26 Successfully got HTTP response.
2026/04/10 14:06:45 [INFO    ] client 000 on sample 27 Successfully got HTTP response.
2026/04/10 14:08:46 [INFO    ] client 000 on sample 28 Successfully got HTTP response.
2026/04/10 14:10:46 [INFO    ] client 000 on sample 29 Successfully got HTTP response.
2026/04/10 14:12:46 [INFO    ] client 000 on sample 30 Successfully got HTTP response.
2026/04/10 14:14:47 [INFO    ] client 000 on sample 31 Successfully got HTTP response.
2026/04/10 14:16:47 [INFO    ] client 000 on sample 32 Successfully got HTTP response.
2026/04/10 14:18:47 [INFO    ] client 000 on sample 33 Successfully got HTTP response.
2026/04/10 14:20:48 [INFO    ] client 000 on sample 34 Successfully got HTTP response.
2026/04/10 14:22:48 [INFO    ] client 000 on sample 35 Successfully got HTTP response.
2026/04/10 14:24:48 [INFO    ] client 000 on sample 36 Successfully got HTTP response.
2026/04/10 14:26:48 [INFO    ] client 000 on sample 37 Successfully got HTTP response.
2026/04/10 14:28:49 [INFO    ] client 000 on sample 38 Successfully got HTTP response.
2026/04/10 14:30:49 [INFO    ] client 000 on sample 39 Successfully got HTTP response.
2026/04/10 14:32:49 [INFO    ] client 000 on sample 40 Successfully got HTTP response.
2026/04/10 14:34:50 [INFO    ] client 000 on sample 41 Successfully got HTTP response.
2026/04/10 14:36:50 [INFO    ] client 000 on sample 42 Successfully got HTTP response.
2026/04/10 14:38:50 [INFO    ] client 000 on sample 43 Successfully got HTTP response.
2026/04/10 14:40:50 [INFO    ] client 000 on sample 44 Successfully got HTTP response.
2026/04/10 14:42:51 [INFO    ] client 000 on sample 45 Successfully got HTTP response.
2026/04/10 14:44:51 [INFO    ] client 000 on sample 46 Successfully got HTTP response.
2026/04/10 14:46:51 [INFO    ] client 000 on sample 47 Successfully got HTTP response.
2026/04/10 14:48:51 [INFO    ] client 000 on sample 48 Successfully got HTTP response.
2026/04/10 14:50:52 [INFO    ] client 000 on sample 49 Successfully got HTTP response.
2026/04/10 14:52:52 [INFO    ] client 000 on sample 50 Successfully got HTTP response.
2026/04/10 14:54:52 [INFO    ] All clients have completed sampling.
2026/04/10 14:54:52 [INFO    ] HTTP GET sampling script finished. REF: /tmp/sampling_get_http_32969/sampling_get_http_result.csv
