2026/02/24 18:39:27 [INFO    ] Start HTTP GET sampling script.
2026/02/24 18:39:27 [INFO    ] Parameters: KBYTE=50000, INTERVAL=120, SAMPLE=50, CLIENT=1, SAMPLE_PER_CLIENT=50, START_INTERVAL=120
2026/02/24 18:39:27 [INFO    ] GET URL: https://speed.cloudflare.com/__down?bytes=50000000
2026/02/24 18:39:27 [INFO    ] Client 000 started. Sampling 50 times.
2026/02/24 18:39:27 [INFO    ] client 000 on sample 1 Successfully got HTTP response.
2026/02/24 18:41:27 [INFO    ] client 000 on sample 2 Successfully got HTTP response.
2026/02/24 18:43:27 [INFO    ] client 000 on sample 3 Successfully got HTTP response.
2026/02/24 18:45:28 [INFO    ] client 000 on sample 4 Successfully got HTTP response.
2026/02/24 18:47:28 [INFO    ] client 000 on sample 5 Successfully got HTTP response.
2026/02/24 18:49:28 [INFO    ] client 000 on sample 6 Successfully got HTTP response.
2026/02/24 18:51:29 [INFO    ] client 000 on sample 7 Successfully got HTTP response.
2026/02/24 18:53:29 [INFO    ] client 000 on sample 8 Successfully got HTTP response.
2026/02/24 18:55:29 [INFO    ] client 000 on sample 9 Successfully got HTTP response.
2026/02/24 18:57:30 [INFO    ] client 000 on sample 10 Successfully got HTTP response.
2026/02/24 18:59:30 [INFO    ] client 000 on sample 11 Successfully got HTTP response.
2026/02/24 19:01:31 [INFO    ] client 000 on sample 12 Successfully got HTTP response.
2026/02/24 19:03:31 [INFO    ] client 000 on sample 13 Successfully got HTTP response.
2026/02/24 19:05:31 [INFO    ] client 000 on sample 14 Successfully got HTTP response.
2026/02/24 19:07:31 [INFO    ] client 000 on sample 15 Successfully got HTTP response.
2026/02/24 19:09:32 [INFO    ] client 000 on sample 16 Successfully got HTTP response.
2026/02/24 19:11:32 [INFO    ] client 000 on sample 17 Successfully got HTTP response.
2026/02/24 19:13:32 [INFO    ] client 000 on sample 18 Successfully got HTTP response.
2026/02/24 19:15:33 [INFO    ] client 000 on sample 19 Successfully got HTTP response.
2026/02/24 19:17:33 [INFO    ] client 000 on sample 20 Successfully got HTTP response.
2026/02/24 19:19:33 [INFO    ] client 000 on sample 21 Successfully got HTTP response.
2026/02/24 19:21:33 [INFO    ] client 000 on sample 22 Successfully got HTTP response.
2026/02/24 19:23:34 [INFO    ] client 000 on sample 23 Successfully got HTTP response.
2026/02/24 19:25:34 [INFO    ] client 000 on sample 24 Successfully got HTTP response.
2026/02/24 19:27:34 [INFO    ] client 000 on sample 25 Successfully got HTTP response.
2026/02/24 19:29:35 [INFO    ] client 000 on sample 26 Successfully got HTTP response.
2026/02/24 19:31:35 [INFO    ] client 000 on sample 27 Successfully got HTTP response.
2026/02/24 19:33:35 [INFO    ] client 000 on sample 28 Successfully got HTTP response.
2026/02/24 19:35:36 [INFO    ] client 000 on sample 29 Successfully got HTTP response.
2026/02/24 19:37:36 [INFO    ] client 000 on sample 30 Successfully got HTTP response.
2026/02/24 19:39:36 [INFO    ] client 000 on sample 31 Successfully got HTTP response.
2026/02/24 19:41:36 [INFO    ] client 000 on sample 32 Successfully got HTTP response.
2026/02/24 19:43:37 [INFO    ] client 000 on sample 33 Successfully got HTTP response.
2026/02/24 19:45:37 [INFO    ] client 000 on sample 34 Successfully got HTTP response.
2026/02/24 19:47:37 [INFO    ] client 000 on sample 35 Successfully got HTTP response.
2026/02/24 19:49:38 [INFO    ] client 000 on sample 36 Successfully got HTTP response.
2026/02/24 19:51:38 [INFO    ] client 000 on sample 37 Successfully got HTTP response.
2026/02/24 19:53:38 [INFO    ] client 000 on sample 38 Successfully got HTTP response.
2026/02/24 19:55:39 [INFO    ] client 000 on sample 39 Successfully got HTTP response.
2026/02/24 19:57:39 [INFO    ] client 000 on sample 40 Successfully got HTTP response.
2026/02/24 19:59:39 [INFO    ] client 000 on sample 41 Successfully got HTTP response.
2026/02/24 20:01:39 [INFO    ] client 000 on sample 42 Successfully got HTTP response.
2026/02/24 20:03:40 [INFO    ] client 000 on sample 43 Successfully got HTTP response.
2026/02/24 20:05:40 [INFO    ] client 000 on sample 44 Successfully got HTTP response.
2026/02/24 20:07:40 [INFO    ] client 000 on sample 45 Successfully got HTTP response.
2026/02/24 20:09:41 [INFO    ] client 000 on sample 46 Successfully got HTTP response.
2026/02/24 20:11:41 [INFO    ] client 000 on sample 47 Successfully got HTTP response.
2026/02/24 20:13:41 [INFO    ] client 000 on sample 48 Successfully got HTTP response.
2026/02/24 20:15:42 [INFO    ] client 000 on sample 49 Successfully got HTTP response.
2026/02/24 20:17:42 [INFO    ] client 000 on sample 50 Successfully got HTTP response.
2026/02/24 20:18:24 [INFO    ] Interrupt received, terminating child processes...
2026/02/24 20:18:25 [INFO    ] Cleanup complete. Exiting.
