2026/04/10 15:22:42 [INFO    ] Start HTTP GET sampling script.
2026/04/10 15:22:42 [INFO    ] Parameters: KBYTE=90000, INTERVAL=120, SAMPLE=50, CLIENT=1, SAMPLE_PER_CLIENT=50, START_INTERVAL=120
2026/04/10 15:22:42 [INFO    ] GET URL: https://speed.cloudflare.com/__down?bytes=90000000
2026/04/10 15:22:42 [INFO    ] Client 000 started. Sampling 50 times.
2026/04/10 15:22:43 [INFO    ] client 000 on sample 1 Successfully got HTTP response.
2026/04/10 15:24:43 [INFO    ] client 000 on sample 2 Successfully got HTTP response.
2026/04/10 15:26:43 [INFO    ] client 000 on sample 3 Successfully got HTTP response.
2026/04/10 15:28:44 [INFO    ] client 000 on sample 4 Successfully got HTTP response.
2026/04/10 15:30:45 [INFO    ] client 000 on sample 5 Successfully got HTTP response.
2026/04/10 15:32:45 [INFO    ] client 000 on sample 6 Successfully got HTTP response.
2026/04/10 15:34:46 [INFO    ] client 000 on sample 7 Successfully got HTTP response.
2026/04/10 15:36:46 [INFO    ] client 000 on sample 8 Successfully got HTTP response.
2026/04/10 15:38:47 [INFO    ] client 000 on sample 9 Successfully got HTTP response.
2026/04/10 15:40:48 [INFO    ] client 000 on sample 10 Successfully got HTTP response.
2026/04/10 15:42:48 [INFO    ] client 000 on sample 11 Successfully got HTTP response.
2026/04/10 15:44:49 [INFO    ] client 000 on sample 12 Successfully got HTTP response.
2026/04/10 15:46:50 [INFO    ] client 000 on sample 13 Successfully got HTTP response.
2026/04/10 15:48:50 [INFO    ] client 000 on sample 14 Successfully got HTTP response.
2026/04/10 15:50:51 [INFO    ] client 000 on sample 15 Successfully got HTTP response.
2026/04/10 15:52:52 [INFO    ] client 000 on sample 16 Successfully got HTTP response.
2026/04/10 15:54:52 [INFO    ] client 000 on sample 17 Successfully got HTTP response.
2026/04/10 15:56:53 [INFO    ] client 000 on sample 18 Successfully got HTTP response.
2026/04/10 15:58:54 [INFO    ] client 000 on sample 19 Successfully got HTTP response.
2026/04/10 16:00:54 [INFO    ] client 000 on sample 20 Successfully got HTTP response.
2026/04/10 16:02:55 [INFO    ] client 000 on sample 21 Successfully got HTTP response.
2026/04/10 16:04:55 [INFO    ] client 000 on sample 22 Successfully got HTTP response.
2026/04/10 16:06:56 [INFO    ] client 000 on sample 23 Successfully got HTTP response.
2026/04/10 16:08:56 [INFO    ] client 000 on sample 24 Successfully got HTTP response.
2026/04/10 16:10:57 [INFO    ] client 000 on sample 25 Successfully got HTTP response.
2026/04/10 16:12:57 [INFO    ] client 000 on sample 26 Successfully got HTTP response.
2026/04/10 16:14:58 [INFO    ] client 000 on sample 27 Successfully got HTTP response.
2026/04/10 16:16:58 [INFO    ] client 000 on sample 28 Successfully got HTTP response.
2026/04/10 16:18:59 [INFO    ] client 000 on sample 29 Successfully got HTTP response.
2026/04/10 16:20:59 [INFO    ] client 000 on sample 30 Successfully got HTTP response.
2026/04/10 16:23:00 [INFO    ] client 000 on sample 31 Successfully got HTTP response.
2026/04/10 16:25:00 [INFO    ] client 000 on sample 32 Successfully got HTTP response.
2026/04/10 16:27:01 [INFO    ] client 000 on sample 33 Successfully got HTTP response.
2026/04/10 16:29:01 [INFO    ] client 000 on sample 34 Successfully got HTTP response.
2026/04/10 16:31:02 [INFO    ] client 000 on sample 35 Successfully got HTTP response.
2026/04/10 16:33:02 [INFO    ] client 000 on sample 36 Successfully got HTTP response.
2026/04/10 16:35:03 [INFO    ] client 000 on sample 37 Successfully got HTTP response.
2026/04/10 16:37:04 [INFO    ] client 000 on sample 38 Successfully got HTTP response.
2026/04/10 16:39:04 [INFO    ] client 000 on sample 39 Successfully got HTTP response.
2026/04/10 16:41:05 [INFO    ] client 000 on sample 40 Successfully got HTTP response.
2026/04/10 16:43:05 [INFO    ] client 000 on sample 41 Successfully got HTTP response.
2026/04/10 16:45:06 [INFO    ] client 000 on sample 42 Successfully got HTTP response.
2026/04/10 16:47:06 [INFO    ] client 000 on sample 43 Successfully got HTTP response.
2026/04/10 16:49:07 [INFO    ] client 000 on sample 44 Successfully got HTTP response.
2026/04/10 16:51:08 [INFO    ] client 000 on sample 45 Successfully got HTTP response.
2026/04/10 16:53:09 [INFO    ] client 000 on sample 46 Successfully got HTTP response.
2026/04/10 16:55:09 [INFO    ] client 000 on sample 47 Successfully got HTTP response.
2026/04/10 16:57:10 [INFO    ] client 000 on sample 48 Successfully got HTTP response.
2026/04/10 16:59:10 [INFO    ] client 000 on sample 49 Successfully got HTTP response.
2026/04/10 17:01:11 [INFO    ] client 000 on sample 50 Successfully got HTTP response.
2026/04/10 17:03:11 [INFO    ] All clients have completed sampling.
2026/04/10 17:03:11 [INFO    ] HTTP GET sampling script finished. REF: /tmp/sampling_get_http_56298/sampling_get_http_result.csv
