2026/04/13 09:28:08 [INFO    ] Start HTTP GET sampling script.
2026/04/13 09:28:08 [INFO    ] Parameters: KBYTE=90000, INTERVAL=120, SAMPLE=50, CLIENT=1, SAMPLE_PER_CLIENT=50, START_INTERVAL=120
2026/04/13 09:28:08 [INFO    ] GET URL: https://speed.cloudflare.com/__down?bytes=90000000
2026/04/13 09:28:08 [INFO    ] Client 000 started. Sampling 50 times.
2026/04/13 09:28:08 [INFO    ] client 000 on sample 1 Successfully got HTTP response.
2026/04/13 09:30:09 [INFO    ] client 000 on sample 2 Successfully got HTTP response.
2026/04/13 09:32:09 [INFO    ] client 000 on sample 3 Successfully got HTTP response.
2026/04/13 09:34:10 [INFO    ] client 000 on sample 4 Successfully got HTTP response.
2026/04/13 09:36:10 [INFO    ] client 000 on sample 5 Successfully got HTTP response.
2026/04/13 09:38:11 [INFO    ] client 000 on sample 6 Successfully got HTTP response.
2026/04/13 09:40:11 [INFO    ] client 000 on sample 7 Successfully got HTTP response.
2026/04/13 09:42:12 [INFO    ] client 000 on sample 8 Successfully got HTTP response.
2026/04/13 09:44:12 [INFO    ] client 000 on sample 9 Successfully got HTTP response.
2026/04/13 09:46:13 [INFO    ] client 000 on sample 10 Successfully got HTTP response.
2026/04/13 09:48:13 [INFO    ] client 000 on sample 11 Successfully got HTTP response.
2026/04/13 09:50:13 [INFO    ] client 000 on sample 12 Successfully got HTTP response.
2026/04/13 09:52:14 [INFO    ] client 000 on sample 13 Successfully got HTTP response.
2026/04/13 09:54:14 [INFO    ] client 000 on sample 14 Successfully got HTTP response.
2026/04/13 09:56:15 [INFO    ] client 000 on sample 15 Successfully got HTTP response.
2026/04/13 09:58:15 [INFO    ] client 000 on sample 16 Successfully got HTTP response.
2026/04/13 10:00:16 [INFO    ] client 000 on sample 17 Successfully got HTTP response.
2026/04/13 10:02:16 [INFO    ] client 000 on sample 18 Successfully got HTTP response.
2026/04/13 10:04:17 [INFO    ] client 000 on sample 19 Successfully got HTTP response.
2026/04/13 10:06:17 [INFO    ] client 000 on sample 20 Successfully got HTTP response.
2026/04/13 10:08:17 [INFO    ] client 000 on sample 21 Successfully got HTTP response.
2026/04/13 10:10:18 [INFO    ] client 000 on sample 22 Successfully got HTTP response.
2026/04/13 10:12:18 [INFO    ] client 000 on sample 23 Successfully got HTTP response.
2026/04/13 10:14:19 [INFO    ] client 000 on sample 24 Successfully got HTTP response.
2026/04/13 10:16:19 [INFO    ] client 000 on sample 25 Successfully got HTTP response.
2026/04/13 10:18:19 [INFO    ] client 000 on sample 26 Successfully got HTTP response.
2026/04/13 10:20:20 [INFO    ] client 000 on sample 27 Successfully got HTTP response.
2026/04/13 10:22:20 [INFO    ] client 000 on sample 28 Successfully got HTTP response.
2026/04/13 10:24:21 [INFO    ] client 000 on sample 29 Successfully got HTTP response.
2026/04/13 10:26:21 [INFO    ] client 000 on sample 30 Successfully got HTTP response.
2026/04/13 10:28:22 [INFO    ] client 000 on sample 31 Successfully got HTTP response.
2026/04/13 10:30:22 [INFO    ] client 000 on sample 32 Successfully got HTTP response.
2026/04/13 10:32:23 [INFO    ] client 000 on sample 33 Successfully got HTTP response.
2026/04/13 10:34:23 [INFO    ] client 000 on sample 34 Successfully got HTTP response.
2026/04/13 10:36:23 [INFO    ] client 000 on sample 35 Successfully got HTTP response.
2026/04/13 10:38:24 [INFO    ] client 000 on sample 36 Successfully got HTTP response.
2026/04/13 10:40:25 [INFO    ] client 000 on sample 37 Successfully got HTTP response.
2026/04/13 10:42:25 [INFO    ] client 000 on sample 38 Successfully got HTTP response.
2026/04/13 10:44:26 [INFO    ] client 000 on sample 39 Successfully got HTTP response.
2026/04/13 10:46:26 [INFO    ] client 000 on sample 40 Successfully got HTTP response.
2026/04/13 10:48:27 [INFO    ] client 000 on sample 41 Successfully got HTTP response.
2026/04/13 10:50:27 [INFO    ] client 000 on sample 42 Successfully got HTTP response.
2026/04/13 10:52:28 [INFO    ] client 000 on sample 43 Successfully got HTTP response.
2026/04/13 10:54:29 [INFO    ] client 000 on sample 44 Successfully got HTTP response.
2026/04/13 10:56:29 [INFO    ] client 000 on sample 45 Successfully got HTTP response.
2026/04/13 10:58:29 [INFO    ] client 000 on sample 46 Successfully got HTTP response.
2026/04/13 11:00:30 [INFO    ] client 000 on sample 47 Successfully got HTTP response.
2026/04/13 11:02:30 [INFO    ] client 000 on sample 48 Successfully got HTTP response.
2026/04/13 11:04:31 [INFO    ] client 000 on sample 49 Successfully got HTTP response.
2026/04/13 11:06:31 [INFO    ] client 000 on sample 50 Successfully got HTTP response.
2026/04/13 11:08:31 [INFO    ] All clients have completed sampling.
2026/04/13 11:08:31 [INFO    ] HTTP GET sampling script finished. REF: /tmp/sampling_get_http_86899/sampling_get_http_result.csv
