2026/02/25 09:48:45 [INFO    ] Start HTTP GET sampling script.
2026/02/25 09:48:45 [INFO    ] Parameters: KBYTE=90000, INTERVAL=120, SAMPLE=50, CLIENT=1, SAMPLE_PER_CLIENT=50, START_INTERVAL=120
2026/02/25 09:48:45 [INFO    ] GET URL: https://speed.cloudflare.com/__down?bytes=90000000
2026/02/25 09:48:45 [INFO    ] Client 000 started. Sampling 50 times.
2026/02/25 09:48:45 [INFO    ] client 000 on sample 1 Successfully got HTTP response.
2026/02/25 09:50:46 [INFO    ] client 000 on sample 2 Successfully got HTTP response.
2026/02/25 09:52:46 [INFO    ] client 000 on sample 3 Successfully got HTTP response.
2026/02/25 09:54:47 [INFO    ] client 000 on sample 4 Successfully got HTTP response.
2026/02/25 09:56:47 [INFO    ] client 000 on sample 5 Successfully got HTTP response.
2026/02/25 09:58:48 [INFO    ] client 000 on sample 6 Successfully got HTTP response.
2026/02/25 10:00:48 [INFO    ] client 000 on sample 7 Successfully got HTTP response.
2026/02/25 10:02:48 [INFO    ] client 000 on sample 8 Successfully got HTTP response.
2026/02/25 10:04:49 [INFO    ] client 000 on sample 9 Successfully got HTTP response.
2026/02/25 10:06:49 [INFO    ] client 000 on sample 10 Successfully got HTTP response.
2026/02/25 10:08:50 [INFO    ] client 000 on sample 11 Successfully got HTTP response.
2026/02/25 10:10:50 [INFO    ] client 000 on sample 12 Successfully got HTTP response.
2026/02/25 10:12:51 [INFO    ] client 000 on sample 13 Successfully got HTTP response.
2026/02/25 10:14:51 [INFO    ] client 000 on sample 14 Successfully got HTTP response.
2026/02/25 10:16:52 [INFO    ] client 000 on sample 15 Successfully got HTTP response.
2026/02/25 10:18:53 [INFO    ] client 000 on sample 16 Successfully got HTTP response.
2026/02/25 10:20:53 [INFO    ] client 000 on sample 17 Successfully got HTTP response.
2026/02/25 10:22:54 [INFO    ] client 000 on sample 18 Successfully got HTTP response.
2026/02/25 10:24:54 [INFO    ] client 000 on sample 19 Successfully got HTTP response.
2026/02/25 10:26:55 [INFO    ] client 000 on sample 20 Successfully got HTTP response.
2026/02/25 10:28:55 [INFO    ] client 000 on sample 21 Successfully got HTTP response.
2026/02/25 10:30:56 [INFO    ] client 000 on sample 22 Successfully got HTTP response.
2026/02/25 10:32:56 [INFO    ] client 000 on sample 23 Successfully got HTTP response.
2026/02/25 10:34:57 [INFO    ] client 000 on sample 24 Successfully got HTTP response.
2026/02/25 10:36:57 [INFO    ] client 000 on sample 25 Successfully got HTTP response.
2026/02/25 10:38:58 [INFO    ] client 000 on sample 26 Successfully got HTTP response.
2026/02/25 10:40:59 [INFO    ] client 000 on sample 27 Successfully got HTTP response.
2026/02/25 10:42:59 [INFO    ] client 000 on sample 28 Successfully got HTTP response.
2026/02/25 10:45:00 [INFO    ] client 000 on sample 29 Successfully got HTTP response.
2026/02/25 10:47:00 [INFO    ] client 000 on sample 30 Successfully got HTTP response.
2026/02/25 10:49:01 [INFO    ] client 000 on sample 31 Successfully got HTTP response.
2026/02/25 10:51:01 [INFO    ] client 000 on sample 32 Successfully got HTTP response.
2026/02/25 10:53:02 [INFO    ] client 000 on sample 33 Successfully got HTTP response.
2026/02/25 10:55:02 [INFO    ] client 000 on sample 34 Successfully got HTTP response.
2026/02/25 10:57:03 [INFO    ] client 000 on sample 35 Successfully got HTTP response.
2026/02/25 10:59:04 [INFO    ] client 000 on sample 36 Successfully got HTTP response.
2026/02/25 11:01:04 [INFO    ] client 000 on sample 37 Successfully got HTTP response.
2026/02/25 11:03:05 [INFO    ] client 000 on sample 38 Successfully got HTTP response.
2026/02/25 11:05:05 [INFO    ] client 000 on sample 39 Successfully got HTTP response.
2026/02/25 11:07:06 [INFO    ] client 000 on sample 40 Successfully got HTTP response.
2026/02/25 11:09:06 [INFO    ] client 000 on sample 41 Successfully got HTTP response.
2026/02/25 11:11:07 [INFO    ] client 000 on sample 42 Successfully got HTTP response.
2026/02/25 11:13:07 [INFO    ] client 000 on sample 43 Successfully got HTTP response.
2026/02/25 11:15:08 [INFO    ] client 000 on sample 44 Successfully got HTTP response.
2026/02/25 11:17:09 [INFO    ] client 000 on sample 45 Successfully got HTTP response.
2026/02/25 11:19:09 [INFO    ] client 000 on sample 46 Successfully got HTTP response.
2026/02/25 11:21:10 [INFO    ] client 000 on sample 47 Successfully got HTTP response.
2026/02/25 11:23:11 [INFO    ] client 000 on sample 48 Successfully got HTTP response.
2026/02/25 11:25:11 [INFO    ] client 000 on sample 49 Successfully got HTTP response.
2026/02/25 11:27:12 [INFO    ] client 000 on sample 50 Successfully got HTTP response.
2026/02/25 11:29:12 [INFO    ] All clients have completed sampling.
2026/02/25 11:29:12 [INFO    ] HTTP GET sampling script finished. REF: /tmp/sampling_get_http_180677/sampling_get_http_result.csv
