2026/02/13 18:08:45 [INFO    ] Start HTTP GET sampling script.
2026/02/13 18:08:45 [INFO    ] Parameters: KBYTE=10000, INTERVAL=10, SAMPLE=100, CLIENT=1, SAMPLE_PER_CLIENT=100, START_INTERVAL=10
2026/02/13 18:08:45 [INFO    ] GET URL: https://httpbin.org/bytes/10000000
2026/02/13 18:08:45 [INFO    ] Client 000 started. Sampling 100 times.
2026/02/13 18:08:47 [INFO    ] client 000 on sample 1 Successfully got HTTP response.
2026/02/13 18:08:59 [INFO    ] client 000 on sample 2 Successfully got HTTP response.
2026/02/13 18:09:10 [INFO    ] client 000 on sample 3 Successfully got HTTP response.
2026/02/13 18:09:22 [INFO    ] client 000 on sample 4 Successfully got HTTP response.
2026/02/13 18:09:34 [INFO    ] client 000 on sample 5 Successfully got HTTP response.
2026/02/13 18:09:45 [INFO    ] client 000 on sample 6 Successfully got HTTP response.
2026/02/13 18:09:57 [INFO    ] client 000 on sample 7 Successfully got HTTP response.
2026/02/13 18:10:09 [INFO    ] client 000 on sample 8 Successfully got HTTP response.
2026/02/13 18:10:21 [INFO    ] client 000 on sample 9 Successfully got HTTP response.
2026/02/13 18:10:33 [INFO    ] client 000 on sample 10 Successfully got HTTP response.
2026/02/13 18:10:45 [INFO    ] client 000 on sample 11 Successfully got HTTP response.
2026/02/13 18:10:56 [INFO    ] client 000 on sample 12 Successfully got HTTP response.
2026/02/13 18:11:08 [INFO    ] client 000 on sample 13 Successfully got HTTP response.
2026/02/13 18:11:19 [INFO    ] client 000 on sample 14 Successfully got HTTP response.
2026/02/13 18:11:31 [INFO    ] client 000 on sample 15 Successfully got HTTP response.
2026/02/13 18:11:44 [INFO    ] client 000 on sample 16 Successfully got HTTP response.
2026/02/13 18:11:56 [INFO    ] client 000 on sample 17 Successfully got HTTP response.
2026/02/13 18:12:07 [INFO    ] client 000 on sample 18 Successfully got HTTP response.
2026/02/13 18:12:18 [INFO    ] client 000 on sample 19 Successfully got HTTP response.
2026/02/13 18:12:30 [INFO    ] client 000 on sample 20 Successfully got HTTP response.
2026/02/13 18:12:42 [INFO    ] client 000 on sample 21 Successfully got HTTP response.
2026/02/13 18:12:54 [INFO    ] client 000 on sample 22 Successfully got HTTP response.
2026/02/13 18:13:06 [INFO    ] client 000 on sample 23 Successfully got HTTP response.
2026/02/13 18:13:18 [INFO    ] client 000 on sample 24 Successfully got HTTP response.
2026/02/13 18:13:30 [INFO    ] client 000 on sample 25 Successfully got HTTP response.
2026/02/13 18:13:42 [INFO    ] client 000 on sample 26 Successfully got HTTP response.
2026/02/13 18:13:54 [INFO    ] client 000 on sample 27 Successfully got HTTP response.
2026/02/13 18:14:06 [INFO    ] client 000 on sample 28 Successfully got HTTP response.
2026/02/13 18:14:17 [INFO    ] client 000 on sample 29 Successfully got HTTP response.
2026/02/13 18:14:30 [INFO    ] client 000 on sample 30 Successfully got HTTP response.
2026/02/13 18:14:41 [INFO    ] client 000 on sample 31 Successfully got HTTP response.
2026/02/13 18:14:53 [INFO    ] client 000 on sample 32 Successfully got HTTP response.
2026/02/13 18:15:06 [INFO    ] client 000 on sample 33 Successfully got HTTP response.
2026/02/13 18:15:18 [INFO    ] client 000 on sample 34 Successfully got HTTP response.
2026/02/13 18:15:29 [INFO    ] client 000 on sample 35 Successfully got HTTP response.
2026/02/13 18:15:41 [INFO    ] client 000 on sample 36 Successfully got HTTP response.
2026/02/13 18:15:53 [INFO    ] client 000 on sample 37 Successfully got HTTP response.
2026/02/13 18:16:05 [INFO    ] client 000 on sample 38 Successfully got HTTP response.
2026/02/13 18:16:16 [INFO    ] client 000 on sample 39 Successfully got HTTP response.
2026/02/13 18:16:29 [INFO    ] client 000 on sample 40 Successfully got HTTP response.
2026/02/13 18:16:40 [INFO    ] client 000 on sample 41 Successfully got HTTP response.
2026/02/13 18:16:52 [INFO    ] client 000 on sample 42 Successfully got HTTP response.
2026/02/13 18:17:04 [INFO    ] client 000 on sample 43 Successfully got HTTP response.
2026/02/13 18:17:15 [INFO    ] client 000 on sample 44 Successfully got HTTP response.
2026/02/13 18:17:27 [INFO    ] client 000 on sample 45 Successfully got HTTP response.
2026/02/13 18:17:39 [INFO    ] client 000 on sample 46 Successfully got HTTP response.
2026/02/13 18:17:50 [INFO    ] client 000 on sample 47 Successfully got HTTP response.
2026/02/13 18:18:02 [INFO    ] client 000 on sample 48 Successfully got HTTP response.
2026/02/13 18:18:13 [INFO    ] client 000 on sample 49 Successfully got HTTP response.
2026/02/13 18:18:25 [INFO    ] client 000 on sample 50 Successfully got HTTP response.
2026/02/13 18:18:36 [INFO    ] client 000 on sample 51 Successfully got HTTP response.
2026/02/13 18:18:49 [INFO    ] client 000 on sample 52 Successfully got HTTP response.
2026/02/13 18:19:01 [INFO    ] client 000 on sample 53 Successfully got HTTP response.
2026/02/13 18:19:14 [INFO    ] client 000 on sample 54 Successfully got HTTP response.
2026/02/13 18:19:26 [INFO    ] client 000 on sample 55 Successfully got HTTP response.
2026/02/13 18:19:38 [INFO    ] client 000 on sample 56 Successfully got HTTP response.
2026/02/13 18:19:50 [INFO    ] client 000 on sample 57 Successfully got HTTP response.
2026/02/13 18:20:02 [INFO    ] client 000 on sample 58 Successfully got HTTP response.
2026/02/13 18:20:30 [INFO    ] client 000 on sample 59 Successfully got HTTP response.
2026/02/13 18:20:42 [INFO    ] client 000 on sample 60 Successfully got HTTP response.
2026/02/13 18:20:54 [INFO    ] client 000 on sample 61 Successfully got HTTP response.
2026/02/13 18:21:06 [INFO    ] client 000 on sample 62 Successfully got HTTP response.
2026/02/13 18:21:18 [INFO    ] client 000 on sample 63 Successfully got HTTP response.
2026/02/13 18:21:31 [INFO    ] client 000 on sample 64 Successfully got HTTP response.
2026/02/13 18:21:43 [INFO    ] client 000 on sample 65 Successfully got HTTP response.
2026/02/13 18:21:55 [INFO    ] client 000 on sample 66 Successfully got HTTP response.
2026/02/13 18:22:06 [INFO    ] client 000 on sample 67 Successfully got HTTP response.
2026/02/13 18:22:18 [INFO    ] client 000 on sample 68 Successfully got HTTP response.
2026/02/13 18:22:30 [INFO    ] client 000 on sample 69 Successfully got HTTP response.
2026/02/13 18:22:41 [INFO    ] client 000 on sample 70 Successfully got HTTP response.
2026/02/13 18:22:53 [INFO    ] client 000 on sample 71 Successfully got HTTP response.
2026/02/13 18:23:04 [INFO    ] client 000 on sample 72 Successfully got HTTP response.
2026/02/13 18:23:15 [INFO    ] client 000 on sample 73 Successfully got HTTP response.
2026/02/13 18:23:27 [INFO    ] client 000 on sample 74 Successfully got HTTP response.
2026/02/13 18:23:39 [INFO    ] client 000 on sample 75 Successfully got HTTP response.
2026/02/13 18:23:50 [INFO    ] client 000 on sample 76 Successfully got HTTP response.
2026/02/13 18:24:02 [INFO    ] client 000 on sample 77 Successfully got HTTP response.
2026/02/13 18:24:14 [INFO    ] client 000 on sample 78 Successfully got HTTP response.
2026/02/13 18:24:26 [INFO    ] client 000 on sample 79 Successfully got HTTP response.
2026/02/13 18:24:38 [INFO    ] client 000 on sample 80 Successfully got HTTP response.
2026/02/13 18:24:49 [INFO    ] client 000 on sample 81 Successfully got HTTP response.
2026/02/13 18:25:01 [INFO    ] client 000 on sample 82 Successfully got HTTP response.
2026/02/13 18:25:11 [INFO    ] client 000 on sample 83 Successfully got HTTP response.
2026/02/13 18:25:23 [INFO    ] client 000 on sample 84 Successfully got HTTP response.
2026/02/13 18:25:35 [INFO    ] client 000 on sample 85 Successfully got HTTP response.
2026/02/13 18:25:46 [INFO    ] client 000 on sample 86 Successfully got HTTP response.
2026/02/13 18:25:58 [INFO    ] client 000 on sample 87 Successfully got HTTP response.
2026/02/13 18:26:11 [INFO    ] client 000 on sample 88 Successfully got HTTP response.
2026/02/13 18:26:23 [INFO    ] client 000 on sample 89 Successfully got HTTP response.
2026/02/13 18:26:34 [INFO    ] client 000 on sample 90 Successfully got HTTP response.
2026/02/13 18:26:46 [INFO    ] client 000 on sample 91 Successfully got HTTP response.
2026/02/13 18:26:58 [INFO    ] client 000 on sample 92 Successfully got HTTP response.
2026/02/13 18:27:10 [INFO    ] client 000 on sample 93 Successfully got HTTP response.
2026/02/13 18:27:22 [INFO    ] client 000 on sample 94 Successfully got HTTP response.
2026/02/13 18:27:34 [INFO    ] client 000 on sample 95 Successfully got HTTP response.
2026/02/13 18:27:46 [INFO    ] client 000 on sample 96 Successfully got HTTP response.
2026/02/13 18:27:58 [INFO    ] client 000 on sample 97 Successfully got HTTP response.
2026/02/13 18:28:09 [INFO    ] client 000 on sample 98 Successfully got HTTP response.
2026/02/13 18:28:21 [INFO    ] client 000 on sample 99 Successfully got HTTP response.
2026/02/13 18:28:33 [INFO    ] client 000 on sample 100 Successfully got HTTP response.
2026/02/13 18:28:43 [INFO    ] All clients have completed sampling.
2026/02/13 18:28:43 [INFO    ] HTTP GET sampling script finished. REF: /tmp/sampling_get_http_35880/sampling_get_http_result.csv
