2026/04/13 13:12:59 [INFO    ] Start HTTP GET sampling script.
2026/04/13 13:12:59 [INFO    ] Parameters: KBYTE=90000, INTERVAL=120, SAMPLE=50, CLIENT=1, SAMPLE_PER_CLIENT=50, START_INTERVAL=120
2026/04/13 13:12:59 [INFO    ] GET URL: https://speed.cloudflare.com/__down?bytes=90000000
2026/04/13 13:12:59 [INFO    ] Client 000 started. Sampling 50 times.
2026/04/13 13:12:59 [INFO    ] client 000 on sample 1 Successfully got HTTP response.
2026/04/13 13:15:00 [INFO    ] client 000 on sample 2 Successfully got HTTP response.
2026/04/13 13:17:00 [INFO    ] client 000 on sample 3 Successfully got HTTP response.
2026/04/13 13:19:01 [INFO    ] client 000 on sample 4 Successfully got HTTP response.
2026/04/13 13:21:01 [INFO    ] client 000 on sample 5 Successfully got HTTP response.
2026/04/13 13:23:02 [INFO    ] client 000 on sample 6 Successfully got HTTP response.
2026/04/13 13:25:02 [INFO    ] client 000 on sample 7 Successfully got HTTP response.
2026/04/13 13:27:03 [INFO    ] client 000 on sample 8 Successfully got HTTP response.
2026/04/13 13:29:03 [INFO    ] client 000 on sample 9 Successfully got HTTP response.
2026/04/13 13:31:04 [INFO    ] client 000 on sample 10 Successfully got HTTP response.
2026/04/13 13:33:04 [INFO    ] client 000 on sample 11 Successfully got HTTP response.
2026/04/13 13:35:05 [INFO    ] client 000 on sample 12 Successfully got HTTP response.
2026/04/13 13:37:05 [INFO    ] client 000 on sample 13 Successfully got HTTP response.
2026/04/13 13:39:06 [INFO    ] client 000 on sample 14 Successfully got HTTP response.
2026/04/13 13:41:07 [INFO    ] client 000 on sample 15 Successfully got HTTP response.
2026/04/13 13:43:07 [INFO    ] client 000 on sample 16 Successfully got HTTP response.
2026/04/13 13:45:08 [INFO    ] client 000 on sample 17 Successfully got HTTP response.
2026/04/13 13:47:08 [INFO    ] client 000 on sample 18 Successfully got HTTP response.
2026/04/13 13:49:09 [INFO    ] client 000 on sample 19 Successfully got HTTP response.
2026/04/13 13:51:09 [INFO    ] client 000 on sample 20 Successfully got HTTP response.
2026/04/13 13:53:10 [INFO    ] client 000 on sample 21 Successfully got HTTP response.
2026/04/13 13:55:10 [INFO    ] client 000 on sample 22 Successfully got HTTP response.
2026/04/13 13:57:11 [INFO    ] client 000 on sample 23 Successfully got HTTP response.
2026/04/13 13:59:11 [INFO    ] client 000 on sample 24 Successfully got HTTP response.
2026/04/13 14:01:12 [INFO    ] client 000 on sample 25 Successfully got HTTP response.
2026/04/13 14:03:12 [INFO    ] client 000 on sample 26 Successfully got HTTP response.
2026/04/13 14:05:12 [INFO    ] client 000 on sample 27 Successfully got HTTP response.
2026/04/13 14:07:13 [INFO    ] client 000 on sample 28 Successfully got HTTP response.
2026/04/13 14:09:13 [INFO    ] client 000 on sample 29 Successfully got HTTP response.
2026/04/13 14:11:14 [INFO    ] client 000 on sample 30 Successfully got HTTP response.
2026/04/13 14:13:15 [INFO    ] client 000 on sample 31 Successfully got HTTP response.
2026/04/13 14:15:15 [INFO    ] client 000 on sample 32 Successfully got HTTP response.
2026/04/13 14:17:16 [INFO    ] client 000 on sample 33 Successfully got HTTP response.
2026/04/13 14:19:16 [INFO    ] client 000 on sample 34 Successfully got HTTP response.
2026/04/13 14:21:17 [INFO    ] client 000 on sample 35 Successfully got HTTP response.
2026/04/13 14:23:17 [INFO    ] client 000 on sample 36 Successfully got HTTP response.
2026/04/13 14:25:18 [INFO    ] client 000 on sample 37 Successfully got HTTP response.
2026/04/13 14:27:18 [INFO    ] client 000 on sample 38 Successfully got HTTP response.
2026/04/13 14:29:19 [INFO    ] client 000 on sample 39 Successfully got HTTP response.
2026/04/13 14:31:19 [INFO    ] client 000 on sample 40 Successfully got HTTP response.
2026/04/13 14:33:20 [INFO    ] client 000 on sample 41 Successfully got HTTP response.
2026/04/13 14:35:20 [INFO    ] client 000 on sample 42 Successfully got HTTP response.
2026/04/13 14:37:21 [INFO    ] client 000 on sample 43 Successfully got HTTP response.
2026/04/13 14:39:21 [INFO    ] client 000 on sample 44 Successfully got HTTP response.
2026/04/13 14:41:22 [INFO    ] client 000 on sample 45 Successfully got HTTP response.
2026/04/13 14:43:22 [INFO    ] client 000 on sample 46 Successfully got HTTP response.
2026/04/13 14:45:23 [INFO    ] client 000 on sample 47 Successfully got HTTP response.
2026/04/13 14:47:23 [INFO    ] client 000 on sample 48 Successfully got HTTP response.
2026/04/13 14:49:23 [INFO    ] client 000 on sample 49 Successfully got HTTP response.
2026/04/13 14:51:24 [INFO    ] client 000 on sample 50 Successfully got HTTP response.
2026/04/13 14:53:24 [INFO    ] All clients have completed sampling.
2026/04/13 14:53:24 [INFO    ] HTTP GET sampling script finished. REF: /tmp/sampling_get_http_112772/sampling_get_http_result.csv
