2026/03/09 18:34:43 [INFO    ] Start HTTP GET sampling script.
2026/03/09 18:34:43 [INFO    ] Parameters: KBYTE=90000, INTERVAL=120, SAMPLE=50, CLIENT=1, SAMPLE_PER_CLIENT=50, START_INTERVAL=120
2026/03/09 18:34:43 [INFO    ] GET URL: https://speed.cloudflare.com/__down?bytes=90000000
2026/03/09 18:34:43 [INFO    ] Client 000 started. Sampling 50 times.
2026/03/09 18:34:43 [INFO    ] client 000 on sample 1 Successfully got HTTP response.
2026/03/09 18:36:44 [INFO    ] client 000 on sample 2 Successfully got HTTP response.
2026/03/09 18:38:44 [INFO    ] client 000 on sample 3 Successfully got HTTP response.
2026/03/09 18:40:45 [INFO    ] client 000 on sample 4 Successfully got HTTP response.
2026/03/09 18:42:46 [INFO    ] client 000 on sample 5 Successfully got HTTP response.
2026/03/09 18:44:46 [INFO    ] client 000 on sample 6 Successfully got HTTP response.
2026/03/09 18:46:47 [INFO    ] client 000 on sample 7 Successfully got HTTP response.
2026/03/09 18:48:47 [INFO    ] client 000 on sample 8 Successfully got HTTP response.
2026/03/09 18:50:48 [INFO    ] client 000 on sample 9 Successfully got HTTP response.
2026/03/09 18:52:49 [INFO    ] client 000 on sample 10 Successfully got HTTP response.
2026/03/09 18:54:49 [INFO    ] client 000 on sample 11 Successfully got HTTP response.
2026/03/09 18:56:49 [INFO    ] client 000 on sample 12 Successfully got HTTP response.
2026/03/09 18:58:50 [INFO    ] client 000 on sample 13 Successfully got HTTP response.
2026/03/09 19:00:50 [INFO    ] client 000 on sample 14 Successfully got HTTP response.
2026/03/09 19:02:51 [INFO    ] client 000 on sample 15 Successfully got HTTP response.
2026/03/09 19:04:52 [INFO    ] client 000 on sample 16 Successfully got HTTP response.
2026/03/09 19:06:52 [INFO    ] client 000 on sample 17 Successfully got HTTP response.
2026/03/09 19:08:53 [INFO    ] client 000 on sample 18 Successfully got HTTP response.
2026/03/09 19:10:53 [INFO    ] client 000 on sample 19 Successfully got HTTP response.
2026/03/09 19:12:54 [INFO    ] client 000 on sample 20 Successfully got HTTP response.
2026/03/09 19:14:54 [INFO    ] client 000 on sample 21 Successfully got HTTP response.
2026/03/09 19:16:55 [INFO    ] client 000 on sample 22 Successfully got HTTP response.
2026/03/09 19:18:55 [INFO    ] client 000 on sample 23 Successfully got HTTP response.
2026/03/09 19:20:56 [INFO    ] client 000 on sample 24 Successfully got HTTP response.
2026/03/09 19:22:56 [INFO    ] client 000 on sample 25 Successfully got HTTP response.
2026/03/09 19:24:57 [INFO    ] client 000 on sample 26 Successfully got HTTP response.
2026/03/09 19:26:57 [INFO    ] client 000 on sample 27 Successfully got HTTP response.
2026/03/09 19:28:58 [INFO    ] client 000 on sample 28 Successfully got HTTP response.
2026/03/09 19:30:59 [INFO    ] client 000 on sample 29 Successfully got HTTP response.
2026/03/09 19:32:59 [INFO    ] client 000 on sample 30 Successfully got HTTP response.
2026/03/09 19:35:00 [INFO    ] client 000 on sample 31 Successfully got HTTP response.
2026/03/09 19:37:00 [INFO    ] client 000 on sample 32 Successfully got HTTP response.
2026/03/09 19:39:01 [INFO    ] client 000 on sample 33 Successfully got HTTP response.
2026/03/09 19:41:02 [INFO    ] client 000 on sample 34 Successfully got HTTP response.
2026/03/09 19:43:03 [INFO    ] client 000 on sample 35 Successfully got HTTP response.
2026/03/09 19:45:03 [INFO    ] client 000 on sample 36 Successfully got HTTP response.
2026/03/09 19:47:04 [INFO    ] client 000 on sample 37 Successfully got HTTP response.
2026/03/09 19:49:05 [INFO    ] client 000 on sample 38 Successfully got HTTP response.
2026/03/09 19:51:05 [INFO    ] client 000 on sample 39 Successfully got HTTP response.
2026/03/09 19:53:06 [INFO    ] client 000 on sample 40 Successfully got HTTP response.
2026/03/09 19:55:06 [INFO    ] client 000 on sample 41 Successfully got HTTP response.
2026/03/09 19:57:07 [INFO    ] client 000 on sample 42 Successfully got HTTP response.
2026/03/09 19:59:08 [INFO    ] client 000 on sample 43 Successfully got HTTP response.
2026/03/09 20:01:09 [INFO    ] client 000 on sample 44 Successfully got HTTP response.
2026/03/09 20:03:09 [INFO    ] client 000 on sample 45 Successfully got HTTP response.
2026/03/09 20:05:10 [INFO    ] client 000 on sample 46 Successfully got HTTP response.
2026/03/09 20:07:10 [INFO    ] client 000 on sample 47 Successfully got HTTP response.
2026/03/09 20:09:11 [INFO    ] client 000 on sample 48 Successfully got HTTP response.
2026/03/09 20:11:11 [INFO    ] client 000 on sample 49 Successfully got HTTP response.
2026/03/09 20:13:12 [INFO    ] client 000 on sample 50 Successfully got HTTP response.
2026/03/09 20:15:12 [INFO    ] All clients have completed sampling.
2026/03/09 20:15:12 [INFO    ] HTTP GET sampling script finished. REF: /tmp/sampling_get_http_233599/sampling_get_http_result.csv
