2026/02/27 02:15:07 [INFO    ] Start HTTP GET sampling script.
2026/02/27 02:15:07 [INFO    ] Parameters: KBYTE=90000, INTERVAL=120, SAMPLE=50, CLIENT=1, SAMPLE_PER_CLIENT=50, START_INTERVAL=120
2026/02/27 02:15:07 [INFO    ] GET URL: https://speed.cloudflare.com/__down?bytes=90000000
2026/02/27 02:15:07 [INFO    ] Client 000 started. Sampling 50 times.
2026/02/27 02:15:10 [INFO    ] client 000 on sample 1 Successfully got HTTP response.
2026/02/27 02:17:20 [INFO    ] client 000 on sample 2 Successfully got HTTP response.
2026/02/27 02:19:22 [INFO    ] client 000 on sample 3 Successfully got HTTP response.
2026/02/27 02:21:28 [INFO    ] client 000 on sample 4 Successfully got HTTP response.
2026/02/27 02:23:31 [INFO    ] client 000 on sample 5 Successfully got HTTP response.
2026/02/27 02:25:36 [INFO    ] client 000 on sample 6 Successfully got HTTP response.
2026/02/27 02:27:38 [INFO    ] client 000 on sample 7 Successfully got HTTP response.
2026/02/27 02:29:42 [INFO    ] client 000 on sample 8 Successfully got HTTP response.
2026/02/27 02:32:00 [INFO    ] client 000 on sample 9 Successfully got HTTP response.
2026/02/27 02:34:06 [INFO    ] client 000 on sample 10 Successfully got HTTP response.
2026/02/27 02:36:08 [INFO    ] client 000 on sample 11 Successfully got HTTP response.
2026/02/27 02:38:13 [INFO    ] client 000 on sample 12 Successfully got HTTP response.
2026/02/27 02:40:16 [INFO    ] client 000 on sample 13 Successfully got HTTP response.
2026/02/27 02:42:20 [INFO    ] client 000 on sample 14 Successfully got HTTP response.
2026/02/27 02:44:23 [INFO    ] client 000 on sample 15 Successfully got HTTP response.
2026/02/27 02:46:28 [INFO    ] client 000 on sample 16 Successfully got HTTP response.
2026/02/27 02:48:32 [INFO    ] client 000 on sample 17 Successfully got HTTP response.
2026/02/27 02:50:35 [INFO    ] client 000 on sample 18 Successfully got HTTP response.
2026/02/27 02:52:39 [INFO    ] client 000 on sample 19 Successfully got HTTP response.
2026/02/27 02:54:42 [INFO    ] client 000 on sample 20 Successfully got HTTP response.
2026/02/27 02:56:45 [INFO    ] client 000 on sample 21 Successfully got HTTP response.
2026/02/27 02:58:48 [INFO    ] client 000 on sample 22 Successfully got HTTP response.
2026/02/27 03:01:05 [INFO    ] client 000 on sample 23 Successfully got HTTP response.
2026/02/27 03:03:09 [INFO    ] client 000 on sample 24 Successfully got HTTP response.
2026/02/27 03:05:19 [INFO    ] client 000 on sample 25 Successfully got HTTP response.
2026/02/27 03:07:29 [INFO    ] client 000 on sample 26 Successfully got HTTP response.
2026/02/27 03:09:42 [INFO    ] client 000 on sample 27 Successfully got HTTP response.
2026/02/27 03:11:47 [INFO    ] client 000 on sample 28 Successfully got HTTP response.
2026/02/27 03:13:57 [INFO    ] client 000 on sample 29 Successfully got HTTP response.
2026/02/27 03:16:09 [INFO    ] client 000 on sample 30 Successfully got HTTP response.
2026/02/27 03:18:15 [INFO    ] client 000 on sample 31 Successfully got HTTP response.
2026/02/27 03:20:22 [INFO    ] client 000 on sample 32 Successfully got HTTP response.
2026/02/27 03:22:40 [INFO    ] client 000 on sample 33 Successfully got HTTP response.
2026/02/27 03:24:49 [INFO    ] client 000 on sample 34 Successfully got HTTP response.
2026/02/27 03:26:55 [INFO    ] client 000 on sample 35 Successfully got HTTP response.
2026/02/27 03:28:59 [INFO    ] client 000 on sample 36 Successfully got HTTP response.
2026/02/27 03:31:06 [INFO    ] client 000 on sample 37 Successfully got HTTP response.
2026/02/27 03:33:12 [INFO    ] client 000 on sample 38 Successfully got HTTP response.
2026/02/27 03:35:18 [INFO    ] client 000 on sample 39 Successfully got HTTP response.
2026/02/27 03:37:24 [INFO    ] client 000 on sample 40 Successfully got HTTP response.
2026/02/27 03:39:29 [INFO    ] client 000 on sample 41 Successfully got HTTP response.
2026/02/27 03:41:36 [INFO    ] client 000 on sample 42 Successfully got HTTP response.
2026/02/27 03:43:45 [INFO    ] client 000 on sample 43 Successfully got HTTP response.
2026/02/27 03:45:52 [INFO    ] client 000 on sample 44 Successfully got HTTP response.
2026/02/27 03:47:57 [INFO    ] client 000 on sample 45 Successfully got HTTP response.
2026/02/27 03:50:03 [INFO    ] client 000 on sample 46 Successfully got HTTP response.
2026/02/27 03:52:06 [INFO    ] client 000 on sample 47 Successfully got HTTP response.
2026/02/27 03:54:10 [INFO    ] client 000 on sample 48 Successfully got HTTP response.
2026/02/27 03:56:14 [INFO    ] client 000 on sample 49 Successfully got HTTP response.
2026/02/27 03:58:23 [INFO    ] client 000 on sample 50 Successfully got HTTP response.
2026/02/27 04:00:23 [INFO    ] All clients have completed sampling.
2026/02/27 04:00:23 [INFO    ] HTTP GET sampling script finished. REF: /tmp/moti/sampling_get_http_58696/sampling_get_http_result.csv
